<?xml version="1.0" encoding="UTF-8"?>
<!-- Generated by org.testng.reporters.JUnitReportReporter -->
<testsuite skipped="0" hostname="LAPTOP-IS3DCPF8" name="Organisation.CheckingTest" tests="1" failures="0" timestamp="2022-11-17T15:41:26 IST" time="0.012" errors="0">
  <testcase name="display" time="0.012" classname="Organisation.CheckingTest"/>
  <system-out/>
</testsuite> <!-- Organisation.CheckingTest -->
