<?xml version="1.0" encoding="UTF-8"?>
<!-- Generated by org.testng.reporters.JUnitReportReporter -->
<testsuite skipped="0" hostname="LAPTOP-IS3DCPF8" name="Organisation.ClickingOnOrganisation" tests="1" failures="0" timestamp="2022-11-17T11:26:59 IST" time="7.781" errors="0">
  <testcase name="ClickOnOrg" time="7.781" classname="Organisation.ClickingOnOrganisation"/>
  <system-out/>
</testsuite> <!-- Organisation.ClickingOnOrganisation -->
